Base path: C:/Program Files (x86)/Unity/Editor/Data
Pipe name: \\.\pipe\UnityShaderCompiler-1-7864
Cmd: getPlatforms
Cmd: preprocess
  insize=2400 outsize=933 ok=1
Cmd: compileSnippet
  error: 2 plat 4 at (69): undeclared identifier 'UnityObjectToClipPos'
  api=4 type=0 insize=1769 outsize=0 kw= ok=0
Cmd: preprocess
  insize=1654 outsize=576 ok=1
Cmd: compileSnippet
  error: 2 plat 4 at (59): undeclared identifier 'UnityObjectToClipPos'
  api=4 type=0 insize=1380 outsize=0 kw= ok=0
Cmd: preprocess
  insize=2413 outsize=564 ok=1
Cmd: compileSnippet
  error: 2 plat 4 at (72): undeclared identifier 'UnityObjectToClipPos'
  api=4 type=0 insize=2153 outsize=0 kw= ok=0
Cmd: preprocess
  insize=2047 outsize=563 ok=1
Cmd: compileSnippet
  error: 2 plat 4 at (69): undeclared identifier 'UnityObjectToClipPos'
  api=4 type=0 insize=1787 outsize=0 kw= ok=0
Cmd: preprocess
  insize=2893 outsize=979 ok=1
Cmd: compileSnippet
  error: 2 plat 4 at (72): undeclared identifier 'UnityObjectToClipPos'
  api=4 type=0 insize=2218 outsize=0 kw= ok=0
Cmd: preprocess
  insize=2526 outsize=978 ok=1
Cmd: compileSnippet
  error: 2 plat 4 at (69): undeclared identifier 'UnityObjectToClipPos'
  api=4 type=0 insize=1851 outsize=0 kw= ok=0
Cmd: preprocess
  insize=1535 outsize=914 ok=1
Cmd: compileSnippet
  error: 2 plat 4 at (55): undeclared identifier 'UnityObjectToClipPos'
  api=4 type=0 insize=923 outsize=0 kw= ok=0
Cmd: preprocess
  insize=2767 outsize=935 ok=1
Cmd: compileSnippet
  error: 2 plat 4 at (72): undeclared identifier 'UnityObjectToClipPos'
  api=4 type=0 insize=2136 outsize=0 kw= ok=0
Cmd: preprocess
  insize=2003 outsize=977 ok=1
Cmd: compileSnippet
  error: 2 plat 4 at (59): undeclared identifier 'UnityObjectToClipPos'
  api=4 type=0 insize=1328 outsize=0 kw= ok=0
Cmd: preprocess
  insize=1511 outsize=562 ok=1
Cmd: compileSnippet
  error: 2 plat 4 at (59): undeclared identifier 'UnityObjectToClipPos'
  api=4 type=0 insize=1251 outsize=0 kw= ok=0
Cmd: preprocess
  insize=1867 outsize=933 ok=1
Cmd: compileSnippet
  error: 2 plat 4 at (59): undeclared identifier 'UnityObjectToClipPos'
  api=4 type=0 insize=1236 outsize=0 kw= ok=0
Cmd: preprocess
  insize=2557 outsize=578 ok=1
Cmd: compileSnippet
  error: 2 plat 4 at (72): undeclared identifier 'UnityObjectToClipPos'
  api=4 type=0 insize=2283 outsize=0 kw= ok=0
Cmd: preprocess
  insize=1516 outsize=918 ok=1
Cmd: compileSnippet
  error: 2 plat 4 at (56): undeclared identifier 'UnityObjectToClipPos'
  api=4 type=0 insize=900 outsize=0 kw= ok=0
Cmd: preprocess
  insize=1607 outsize=968 ok=1
Cmd: compileSnippet
  error: 2 plat 4 at (57): undeclared identifier 'UnityObjectToClipPos'
  api=4 type=0 insize=941 outsize=0 kw= ok=0
Cmd: preprocess
  insize=1315 outsize=567 ok=1
Cmd: compileSnippet
  error: 2 plat 4 at (57): undeclared identifier 'UnityObjectToClipPos'
  api=4 type=0 insize=1050 outsize=0 kw= ok=0
Cmd: preprocess
  insize=2190 outsize=577 ok=1
Cmd: compileSnippet
  error: 2 plat 4 at (69): undeclared identifier 'UnityObjectToClipPos'
  api=4 type=0 insize=1916 outsize=0 kw= ok=0
